<?xml version="1.0" encoding="UTF-8"?>
<!-- Generated by org.testng.reporters.JUnitReportReporter -->
<testsuite hostname="DESKTOP-BMSSKMH" failures="0" tests="1" name="package1.TestNGpractise1" time="0.026" errors="0" timestamp="2025-04-04T16:39:18 IST" skipped="0">
  <testcase classname="package1.TestNGpractise1" name="statement" time="0.026"/>
  <system-out/>
</testsuite> <!-- package1.TestNGpractise1 -->
