<?xml version="1.0" encoding="UTF-8"?>
<!-- Generated by org.testng.reporters.JUnitReportReporter -->
<testsuite hostname="DESKTOP-BMSSKMH" failures="0" tests="1" name="practice.TestNGpractise1" time="14.228" errors="0" timestamp="2025-04-04T17:03:10 IST" skipped="0">
  <testcase classname="practice.TestNGpractise1" name="statement" time="14.228"/>
</testsuite> <!-- practice.TestNGpractise1 -->
