<?xml version="1.0" encoding="UTF-8"?>
<!-- Generated by org.testng.reporters.JUnitReportReporter -->
<testsuite hostname="DESKTOP-BMSSKMH" failures="0" tests="1" name="InventoryTests.AddProductToCartTest" time="2.886" errors="0" timestamp="2025-04-18T08:25:14 IST" skipped="0">
  <testcase classname="InventoryTests.AddProductToCartTest" name="tc_001_AddProductToCartTest" time="2.886"/>
</testsuite> <!-- InventoryTests.AddProductToCartTest -->
